\BOOKMARK [0][-]{chapter.1}{\376\377\000I\000n\000t\000r\000o\000d\000u\000c\000t\000i\000o\000n}{}% 1
\BOOKMARK [1][-]{section.1.1}{\376\377\000G\000e\000n\000e\000r\000a\000l\000\040\000O\000p\000e\000r\000a\000t\000i\000o\000n}{chapter.1}% 2
\BOOKMARK [1][-]{section.1.2}{\376\377\000D\000i\000g\000i\000t\000a\000l\000\040\000P\000o\000w\000e\000r\000\040\000C\000o\000n\000t\000r\000o\000l}{chapter.1}% 3
\BOOKMARK [0][-]{chapter.2}{\376\377\000U\000n\000i\000t\000\040\000P\000r\000o\000g\000r\000a\000m\000m\000i\000n\000g}{}% 4
\BOOKMARK [1][-]{section.2.1}{\376\377\000L\000a\000n\000g\000u\000a\000g\000e}{chapter.2}% 5
\BOOKMARK [1][-]{section.2.2}{\376\377\000I\000n\000s\000t\000r\000u\000m\000e\000n\000t\000\040\000S\000e\000l\000e\000c\000t\000i\000o\000n}{chapter.2}% 6
\BOOKMARK [1][-]{section.2.3}{\376\377\000T\000h\000e\000\040\000C\000o\000m\000m\000a\000n\000d\000\040\000T\000r\000e\000e}{chapter.2}% 7
\BOOKMARK [0][-]{chapter.3}{\376\377\000C\000o\000m\000m\000a\000n\000d\000\040\000R\000e\000f\000e\000r\000e\000n\000c\000e}{}% 8
\BOOKMARK [1][-]{section.3.1}{\376\377\000C\000A\000L\000i\000b\000r\000a\000t\000i\000o\000n\000\040\000S\000u\000b\000s\000y\000s\000t\000e\000m}{chapter.3}% 9
\BOOKMARK [1][-]{section.3.2}{\376\377\000C\000O\000N\000T\000r\000o\000l\000\040\000S\000u\000b\000s\000y\000s\000t\000e\000m}{chapter.3}% 10
\BOOKMARK [1][-]{section.3.3}{\376\377\000I\000N\000S\000T\000r\000u\000m\000e\000n\000t\000\040\000S\000u\000b\000s\000y\000s\000t\000e\000m}{chapter.3}% 11
\BOOKMARK [1][-]{section.3.4}{\376\377\000O\000U\000T\000P\000u\000t\000\040\000S\000u\000b\000s\000y\000s\000t\000e\000m}{chapter.3}% 12
\BOOKMARK [1][-]{section.3.5}{\376\377\000I\000N\000P\000u\000t\000\040\000S\000u\000b\000s\000y\000s\000t\000e\000m}{chapter.3}% 13
\BOOKMARK [1][-]{section.3.6}{\376\377\000S\000O\000U\000R\000c\000e\000\040\000S\000u\000b\000s\000y\000s\000t\000e\000m}{chapter.3}% 14
\BOOKMARK [1][-]{section.3.7}{\376\377\000M\000E\000A\000S\000u\000r\000e\000\040\000S\000u\000b\000s\000y\000s\000t\000e\000m}{chapter.3}% 15
\BOOKMARK [1][-]{section.3.8}{\376\377\000S\000T\000A\000T\000u\000s\000\040\000S\000u\000b\000s\000y\000s\000t\000e\000m}{chapter.3}% 16
\BOOKMARK [1][-]{section.3.9}{\376\377\000S\000Y\000S\000T\000e\000m}{chapter.3}% 17
\BOOKMARK [0][-]{chapter.4}{\376\377\000D\000a\000t\000a\000\040\000S\000t\000r\000u\000c\000t\000u\000r\000e\000\040\000D\000o\000c\000u\000m\000e\000n\000t\000a\000t\000i\000o\000n}{}% 18
\BOOKMARK [1][-]{section.4.1}{\376\377\000c\000h\000a\000n\000n\000e\000l\000P\000a\000r\000a\000m\000e\000t\000e\000r\000s\000\040\000S\000t\000r\000u\000c\000t\000\040\000R\000e\000f\000e\000r\000e\000n\000c\000e}{chapter.4}% 19
\BOOKMARK [1][-]{section.4.2}{\376\377\000i\0002\000c\000M\000s\000g\000\040\000S\000t\000r\000u\000c\000t\000\040\000R\000e\000f\000e\000r\000e\000n\000c\000e}{chapter.4}% 20
\BOOKMARK [0][-]{chapter.5}{\376\377\000F\000i\000l\000e\000\040\000D\000o\000c\000u\000m\000e\000n\000t\000a\000t\000i\000o\000n}{}% 21
\BOOKMARK [1][-]{section.5.1}{\376\377\000A\000d\000c\000.\000h\000\040\000F\000i\000l\000e\000\040\000R\000e\000f\000e\000r\000e\000n\000c\000e}{chapter.5}% 22
\BOOKMARK [1][-]{section.5.2}{\376\377\000B\000s\000t\000E\000n\000.\000h\000\040\000F\000i\000l\000e\000\040\000R\000e\000f\000e\000r\000e\000n\000c\000e}{chapter.5}% 23
\BOOKMARK [1][-]{section.5.3}{\376\377\000C\000n\000t\000l\000.\000h\000\040\000F\000i\000l\000e\000\040\000R\000e\000f\000e\000r\000e\000n\000c\000e}{chapter.5}% 24
\BOOKMARK [1][-]{section.5.4}{\376\377\000C\000o\000m\000m\000o\000n\000.\000h\000\040\000F\000i\000l\000e\000\040\000R\000e\000f\000e\000r\000e\000n\000c\000e}{chapter.5}% 25
\BOOKMARK [1][-]{section.5.5}{\376\377\000F\000a\000n\000E\000n\000.\000h\000\040\000F\000i\000l\000e\000\040\000R\000e\000f\000e\000r\000e\000n\000c\000e}{chapter.5}% 26
\BOOKMARK [1][-]{section.5.6}{\376\377\000I\0002\000c\000.\000h\000\040\000F\000i\000l\000e\000\040\000R\000e\000f\000e\000r\000e\000n\000c\000e}{chapter.5}% 27
\BOOKMARK [1][-]{section.5.7}{\376\377\000M\000a\000c\000r\000o\000N\000e\000t\000s\000.\000h\000\040\000F\000i\000l\000e\000\040\000R\000e\000f\000e\000r\000e\000n\000c\000e}{chapter.5}% 28
\BOOKMARK [1][-]{section.5.8}{\376\377\000P\000h\000a\000s\000e\000C\000t\000r\000l\000.\000h\000\040\000F\000i\000l\000e\000\040\000R\000e\000f\000e\000r\000e\000n\000c\000e}{chapter.5}% 29
\BOOKMARK [1][-]{section.5.9}{\376\377\000P\000w\000m\000.\000h\000\040\000F\000i\000l\000e\000\040\000R\000e\000f\000e\000r\000e\000n\000c\000e}{chapter.5}% 30
\BOOKMARK [1][-]{section.5.10}{\376\377\000S\000c\000i\000.\000h\000\040\000F\000i\000l\000e\000\040\000R\000e\000f\000e\000r\000e\000n\000c\000e}{chapter.5}% 31
\BOOKMARK [1][-]{section.5.11}{\376\377\000S\000C\000P\000I\000\137\000s\000p\000e\000c\000i\000f\000i\000c\000C\000m\000d\000s\000.\000h\000\040\000F\000i\000l\000e\000\040\000R\000e\000f\000e\000r\000e\000n\000c\000e}{chapter.5}% 32
\BOOKMARK [1][-]{section.5.12}{\376\377\000S\000e\000t\000t\000i\000n\000g\000s\000.\000h\000\040\000F\000i\000l\000e\000\040\000R\000e\000f\000e\000r\000e\000n\000c\000e}{chapter.5}% 33
\BOOKMARK [1][-]{section.5.13}{\376\377\000S\000i\000n\000e\000G\000e\000n\000.\000h\000\040\000F\000i\000l\000e\000\040\000R\000e\000f\000e\000r\000e\000n\000c\000e}{chapter.5}% 34
\BOOKMARK [1][-]{section.5.14}{\376\377\000S\000l\000e\000w\000C\000o\000n\000t\000r\000o\000l\000.\000h\000\040\000F\000i\000l\000e\000\040\000R\000e\000f\000e\000r\000e\000n\000c\000e}{chapter.5}% 35
\BOOKMARK [1][-]{section.5.15}{\376\377\000S\000t\000a\000t\000e\000M\000a\000c\000h\000i\000n\000e\000.\000h\000\040\000F\000i\000l\000e\000\040\000R\000e\000f\000e\000r\000e\000n\000c\000e}{chapter.5}% 36
\BOOKMARK [1][-]{section.5.16}{\376\377\000T\000i\000m\000e\000r\000s\000.\000h\000\040\000F\000i\000l\000e\000\040\000R\000e\000f\000e\000r\000e\000n\000c\000e}{chapter.5}% 37
\BOOKMARK [1][-]{section.5.17}{\376\377\000T\000m\000p\000.\000h\000\040\000F\000i\000l\000e\000\040\000R\000e\000f\000e\000r\000e\000n\000c\000e}{chapter.5}% 38
\BOOKMARK [-1][-]{section*.41}{\376\377\000I\000n\000d\000e\000x}{}% 39
